<?xml version="1.0" encoding="UTF-8"?>
<!-- Generated by org.testng.reporters.JUnitReportReporter -->
<testsuite hostname="Zahangir-Alam" failures="0" tests="1" name="locator.Registration" time="25.088" errors="0" timestamp="2021-12-31T19:03:12 BDT" skipped="0">
  <testcase classname="locator.Registration" name="amzaon" time="25.088"/>
  <system-out/>
</testsuite> <!-- locator.Registration -->
